[debug] [2022-12-27T17:30:25.084Z] ----------------------------------------------------------------------
[debug] [2022-12-27T17:30:25.085Z] Command:       C:\Program Files\nodejs\node.exe C:\Users\vanhv\AppData\Roaming\npm\node_modules\firebase-tools\lib\bin\firebase.js init
[debug] [2022-12-27T17:30:25.086Z] CLI Version:   11.19.0
[debug] [2022-12-27T17:30:25.086Z] Platform:      win32
[debug] [2022-12-27T17:30:25.086Z] Node Version:  v18.12.1
[debug] [2022-12-27T17:30:25.086Z] Time:          Wed Dec 28 2022 00:30:25 GMT+0700 (Indochina Time)
[debug] [2022-12-27T17:30:25.086Z] ----------------------------------------------------------------------
[debug] 
[debug] [2022-12-27T17:30:25.094Z] > command requires scopes: ["email","openid","https://www.googleapis.com/auth/cloudplatformprojects.readonly","https://www.googleapis.com/auth/firebase","https://www.googleapis.com/auth/cloud-platform"]
[debug] [2022-12-27T17:30:25.094Z] > authorizing via signed-in user (vanhungkfc190699@gmail.com)
[info] 
     ######## #### ########  ######## ########     ###     ######  ########
     ##        ##  ##     ## ##       ##     ##  ##   ##  ##       ##
     ######    ##  ########  ######   ########  #########  ######  ######
     ##        ##  ##    ##  ##       ##     ## ##     ##       ## ##
     ##       #### ##     ## ######## ########  ##     ##  ######  ########

You're about to initialize a Firebase project in this directory:

  C:\Users\vanhv\WebstormProject\untitled\untitled\untitled\untitled duwanMD!

[info] 
=== Project Setup
[info] 
[info] First, let's associate this project directory with a Firebase project.
[info] You can create multiple project aliases by running firebase use --add, 
[info] but for now we'll just set up a default project.
[info] 
[debug] [2022-12-27T17:34:52.758Z] > refreshing access token with scopes: []
[debug] [2022-12-27T17:34:52.761Z] >>> [apiv2][query] POST https://www.googleapis.com/oauth2/v3/token [none]
[debug] [2022-12-27T17:34:52.761Z] >>> [apiv2][body] POST https://www.googleapis.com/oauth2/v3/token [omitted]
[debug] [2022-12-27T17:34:53.415Z] <<< [apiv2][status] POST https://www.googleapis.com/oauth2/v3/token 200
[debug] [2022-12-27T17:34:53.416Z] <<< [apiv2][body] POST https://www.googleapis.com/oauth2/v3/token [omitted]
[debug] [2022-12-27T17:34:53.431Z] >>> [apiv2][query] GET https://firebase.googleapis.com/v1beta1/projects pageSize=100
[debug] [2022-12-27T17:34:54.088Z] <<< [apiv2][status] GET https://firebase.googleapis.com/v1beta1/projects 200
[debug] [2022-12-27T17:34:54.089Z] <<< [apiv2][body] GET https://firebase.googleapis.com/v1beta1/projects [omitted]
[info] i  Using project gnuhkun-89250 (gnuhkun) 
[info] 
=== Hosting Setup
[info] 
[info] Your public directory is the folder (relative to your project directory) that
[info] will contain Hosting assets to be uploaded with firebase deploy. If you
[info] have a build process for your assets, use your build's output directory.
[info] 
